Determining if the pthread_create exist failed with the following output:
Change Dir: /home/lilinxing/ros_ws/build/CMakeFiles/CMakeTmp

Run Build Command:/usr/bin/make "cmTryCompileExec2698116988/fast"
/usr/bin/make -f CMakeFiles/cmTryCompileExec2698116988.dir/build.make CMakeFiles/cmTryCompileExec2698116988.dir/build
make[1]: 正在进入目录 `/home/lilinxing/ros_ws/build/CMakeFiles/CMakeTmp'
/usr/bin/cmake -E cmake_progress_report /home/lilinxing/ros_ws/build/CMakeFiles/CMakeTmp/CMakeFiles 1
Building C object CMakeFiles/cmTryCompileExec2698116988.dir/CheckSymbolExists.c.o
/usr/bin/cc    -o CMakeFiles/cmTryCompileExec2698116988.dir/CheckSymbolExists.c.o   -c /home/lilinxing/ros_ws/build/CMakeFiles/CMakeTmp/CheckSymbolExists.c
Linking C executable cmTryCompileExec2698116988
/usr/bin/cmake -E cmake_link_script CMakeFiles/cmTryCompileExec2698116988.dir/link.txt --verbose=1
/usr/bin/cc       CMakeFiles/cmTryCompileExec2698116988.dir/CheckSymbolExists.c.o  -o cmTryCompileExec2698116988 -rdynamic 
CMakeFiles/cmTryCompileExec2698116988.dir/CheckSymbolExists.c.o：在函数‘main’中：
CheckSymbolExists.c:(.text+0x16)：对‘pthread_create’未定义的引用
collect2: error: ld returned 1 exit status
make[1]:正在离开目录 `/home/lilinxing/ros_ws/build/CMakeFiles/CMakeTmp'
make[1]: *** [cmTryCompileExec2698116988] 错误 1
make: *** [cmTryCompileExec2698116988/fast] 错误 2

File /home/lilinxing/ros_ws/build/CMakeFiles/CMakeTmp/CheckSymbolExists.c:
/* */
#include <pthread.h>

int main(int argc, char** argv)
{
  (void)argv;
#ifndef pthread_create
  return ((int*)(&pthread_create))[argc];
#else
  (void)argc;
  return 0;
#endif
}

Determining if the function pthread_create exists in the pthreads failed with the following output:
Change Dir: /home/lilinxing/ros_ws/build/CMakeFiles/CMakeTmp

Run Build Command:/usr/bin/make "cmTryCompileExec279066205/fast"
/usr/bin/make -f CMakeFiles/cmTryCompileExec279066205.dir/build.make CMakeFiles/cmTryCompileExec279066205.dir/build
make[1]: 正在进入目录 `/home/lilinxing/ros_ws/build/CMakeFiles/CMakeTmp'
/usr/bin/cmake -E cmake_progress_report /home/lilinxing/ros_ws/build/CMakeFiles/CMakeTmp/CMakeFiles 1
Building C object CMakeFiles/cmTryCompileExec279066205.dir/CheckFunctionExists.c.o
/usr/bin/cc   -DCHECK_FUNCTION_EXISTS=pthread_create   -o CMakeFiles/cmTryCompileExec279066205.dir/CheckFunctionExists.c.o   -c /usr/share/cmake-2.8/Modules/CheckFunctionExists.c
Linking C executable cmTryCompileExec279066205
/usr/bin/cmake -E cmake_link_script CMakeFiles/cmTryCompileExec279066205.dir/link.txt --verbose=1
/usr/bin/cc   -DCHECK_FUNCTION_EXISTS=pthread_create    CMakeFiles/cmTryCompileExec279066205.dir/CheckFunctionExists.c.o  -o cmTryCompileExec279066205 -rdynamic -lpthreads 
/usr/bin/ld: 找不到 -lpthreads
collect2: error: ld returned 1 exit status
make[1]:正在离开目录 `/home/lilinxing/ros_ws/build/CMakeFiles/CMakeTmp'
make[1]: *** [cmTryCompileExec279066205] 错误 1
make: *** [cmTryCompileExec279066205/fast] 错误 2


Determining if the Q_WS_WIN exist failed with the following output:
Change Dir: /home/lilinxing/ros_ws/build/CMakeFiles/CMakeTmp

Run Build Command:/usr/bin/make "cmTryCompileExec2130616925/fast"
/usr/bin/make -f CMakeFiles/cmTryCompileExec2130616925.dir/build.make CMakeFiles/cmTryCompileExec2130616925.dir/build
make[1]: 正在进入目录 `/home/lilinxing/ros_ws/build/CMakeFiles/CMakeTmp'
/usr/bin/cmake -E cmake_progress_report /home/lilinxing/ros_ws/build/CMakeFiles/CMakeTmp/CMakeFiles 1
Building CXX object CMakeFiles/cmTryCompileExec2130616925.dir/CheckSymbolExists.cxx.o
/usr/bin/c++    -I/usr/include/qt4    -o CMakeFiles/cmTryCompileExec2130616925.dir/CheckSymbolExists.cxx.o -c /home/lilinxing/ros_ws/build/CMakeFiles/CMakeTmp/CheckSymbolExists.cxx
/home/lilinxing/ros_ws/build/CMakeFiles/CMakeTmp/CheckSymbolExists.cxx: In function ‘int main(int, char**)’:
/home/lilinxing/ros_ws/build/CMakeFiles/CMakeTmp/CheckSymbolExists.cxx:8:19: error: ‘Q_WS_WIN’ was not declared in this scope
   return ((int*)(&Q_WS_WIN))[argc];
                   ^
make[1]:正在离开目录 `/home/lilinxing/ros_ws/build/CMakeFiles/CMakeTmp'
make[1]: *** [CMakeFiles/cmTryCompileExec2130616925.dir/CheckSymbolExists.cxx.o] 错误 1
make: *** [cmTryCompileExec2130616925/fast] 错误 2

File /home/lilinxing/ros_ws/build/CMakeFiles/CMakeTmp/CheckSymbolExists.cxx:
/* */
#include <QtCore/qglobal.h>

int main(int argc, char** argv)
{
  (void)argv;
#ifndef Q_WS_WIN
  return ((int*)(&Q_WS_WIN))[argc];
#else
  (void)argc;
  return 0;
#endif
}

Determining if the Q_WS_QWS exist failed with the following output:
Change Dir: /home/lilinxing/ros_ws/build/CMakeFiles/CMakeTmp

Run Build Command:/usr/bin/make "cmTryCompileExec3248746568/fast"
/usr/bin/make -f CMakeFiles/cmTryCompileExec3248746568.dir/build.make CMakeFiles/cmTryCompileExec3248746568.dir/build
make[1]: 正在进入目录 `/home/lilinxing/ros_ws/build/CMakeFiles/CMakeTmp'
/usr/bin/cmake -E cmake_progress_report /home/lilinxing/ros_ws/build/CMakeFiles/CMakeTmp/CMakeFiles 1
Building CXX object CMakeFiles/cmTryCompileExec3248746568.dir/CheckSymbolExists.cxx.o
/usr/bin/c++    -I/usr/include/qt4    -o CMakeFiles/cmTryCompileExec3248746568.dir/CheckSymbolExists.cxx.o -c /home/lilinxing/ros_ws/build/CMakeFiles/CMakeTmp/CheckSymbolExists.cxx
/home/lilinxing/ros_ws/build/CMakeFiles/CMakeTmp/CheckSymbolExists.cxx: In function ‘int main(int, char**)’:
/home/lilinxing/ros_ws/build/CMakeFiles/CMakeTmp/CheckSymbolExists.cxx:8:19: error: ‘Q_WS_QWS’ was not declared in this scope
   return ((int*)(&Q_WS_QWS))[argc];
                   ^
make[1]:正在离开目录 `/home/lilinxing/ros_ws/build/CMakeFiles/CMakeTmp'
make[1]: *** [CMakeFiles/cmTryCompileExec3248746568.dir/CheckSymbolExists.cxx.o] 错误 1
make: *** [cmTryCompileExec3248746568/fast] 错误 2

File /home/lilinxing/ros_ws/build/CMakeFiles/CMakeTmp/CheckSymbolExists.cxx:
/* */
#include <QtCore/qglobal.h>

int main(int argc, char** argv)
{
  (void)argv;
#ifndef Q_WS_QWS
  return ((int*)(&Q_WS_QWS))[argc];
#else
  (void)argc;
  return 0;
#endif
}

Determining if the Q_WS_MAC exist failed with the following output:
Change Dir: /home/lilinxing/ros_ws/build/CMakeFiles/CMakeTmp

Run Build Command:/usr/bin/make "cmTryCompileExec3190804752/fast"
/usr/bin/make -f CMakeFiles/cmTryCompileExec3190804752.dir/build.make CMakeFiles/cmTryCompileExec3190804752.dir/build
make[1]: 正在进入目录 `/home/lilinxing/ros_ws/build/CMakeFiles/CMakeTmp'
/usr/bin/cmake -E cmake_progress_report /home/lilinxing/ros_ws/build/CMakeFiles/CMakeTmp/CMakeFiles 1
Building CXX object CMakeFiles/cmTryCompileExec3190804752.dir/CheckSymbolExists.cxx.o
/usr/bin/c++    -I/usr/include/qt4    -o CMakeFiles/cmTryCompileExec3190804752.dir/CheckSymbolExists.cxx.o -c /home/lilinxing/ros_ws/build/CMakeFiles/CMakeTmp/CheckSymbolExists.cxx
/home/lilinxing/ros_ws/build/CMakeFiles/CMakeTmp/CheckSymbolExists.cxx: In function ‘int main(int, char**)’:
/home/lilinxing/ros_ws/build/CMakeFiles/CMakeTmp/CheckSymbolExists.cxx:8:19: error: ‘Q_WS_MAC’ was not declared in this scope
   return ((int*)(&Q_WS_MAC))[argc];
                   ^
make[1]:正在离开目录 `/home/lilinxing/ros_ws/build/CMakeFiles/CMakeTmp'
make[1]: *** [CMakeFiles/cmTryCompileExec3190804752.dir/CheckSymbolExists.cxx.o] 错误 1
make: *** [cmTryCompileExec3190804752/fast] 错误 2

File /home/lilinxing/ros_ws/build/CMakeFiles/CMakeTmp/CheckSymbolExists.cxx:
/* */
#include <QtCore/qglobal.h>

int main(int argc, char** argv)
{
  (void)argv;
#ifndef Q_WS_MAC
  return ((int*)(&Q_WS_MAC))[argc];
#else
  (void)argc;
  return 0;
#endif
}

